<?xml version="1.0" encoding="UTF-8"?>
<!-- Generated by org.testng.reporters.JUnitReportReporter -->
<testsuite hostname="DESKTOP-CUU290R" failures="0" tests="13" name="com.facebook.Tests.FlipkartHomeTest" time="30.120" errors="0" timestamp="29 Jun 2021 10:59:41 GMT" skipped="0">
  <testcase classname="com.facebook.Tests.FlipkartHomeTest" name="FlipkartTravelTest" time="2.062"/>
  <testcase classname="com.facebook.Tests.FlipkartHomeTest" name="FlipkartAppliancesTest" time="2.086"/>
  <testcase classname="com.facebook.Tests.FlipkartHomeTest" name="FlipkartOthersTest" time="2.044"/>
  <testcase classname="com.facebook.Tests.FlipkartHomeTest" name="FlipkartElectronicsTest" time="2.037"/>
  <testcase classname="com.facebook.Tests.FlipkartHomeTest" name="FlipkartGroceryTest" time="2.100"/>
  <testcase classname="com.facebook.Tests.FlipkartHomeTest" name="FlipkartHomeOptionTest" time="2.046"/>
  <testcase classname="com.facebook.Tests.FlipkartHomeTest" name="FlipkartFashionTest" time="2.068"/>
  <testcase classname="com.facebook.Tests.FlipkartHomeTest" name="FlipkartOffersTest" time="2.038"/>
  <testcase classname="com.facebook.Tests.FlipkartHomeTest" name="FlipkartMobilesTest" time="2.040"/>
  <testcase classname="com.facebook.Tests.FlipkartHomeTest" name="FlipkartAboutUsLinkTest" time="5.173"/>
  <testcase classname="com.facebook.Tests.FlipkartHomeTest" name="FlipkartShoppingCartTest" time="2.048"/>
  <testcase classname="com.facebook.Tests.FlipkartHomeTest" name="LaptopsNDesktopTest" time="2.283"/>
  <testcase classname="com.facebook.Tests.FlipkartHomeTest" name="FlipkartHomePageLogoTest" time="2.095"/>
</testsuite> <!-- com.facebook.Tests.FlipkartHomeTest -->
