<?xml version="1.0" encoding="UTF-8"?>
<!-- Generated by org.testng.reporters.JUnitReportReporter -->
<testsuite hostname="DESKTOP-CUU290R" failures="0" tests="8" name="com.facebook.Tests.FlipkartLoginTest" time="18.169" errors="0" timestamp="29 Jun 2021 05:30:56 GMT" skipped="0">
  <testcase classname="com.facebook.Tests.FlipkartLoginTest" name="validateForgotLink" time="2.263"/>
  <testcase classname="com.facebook.Tests.FlipkartLoginTest" name="validateRequestOTPLink" time="2.044"/>
  <testcase classname="com.facebook.Tests.FlipkartLoginTest" name="validateCreateAccountLink" time="2.241"/>
  <testcase classname="com.facebook.Tests.FlipkartLoginTest" name="validateUserFieldonLoginPage" time="3.140"/>
  <testcase classname="com.facebook.Tests.FlipkartLoginTest" name="validatePasswordFieldonLoginPage" time="2.231"/>
  <testcase classname="com.facebook.Tests.FlipkartLoginTest" name="validateLoginHeader" time="2.038"/>
  <testcase classname="com.facebook.Tests.FlipkartLoginTest" name="validateLoginButtonClickAction" time="2.140"/>
  <testcase classname="com.facebook.Tests.FlipkartLoginTest" name="validateTermsPoliciesLink" time="2.072"/>
</testsuite> <!-- com.facebook.Tests.FlipkartLoginTest -->
