<?xml version="1.0" encoding="UTF-8"?>
<!-- Generated by org.testng.reporters.JUnitReportReporter -->
<testsuite hostname="DESKTOP-CUU290R" failures="0" tests="8" name="com.facebook.Tests.FlipkartLoginTest" time="18.389" errors="0" timestamp="24 Jun 2021 01:56:30 GMT" skipped="0">
  <testcase classname="com.facebook.Tests.FlipkartLoginTest" name="validateLoginHeader" time="2.063"/>
  <testcase classname="com.facebook.Tests.FlipkartLoginTest" name="validateRequestOTPLink" time="2.036"/>
  <testcase classname="com.facebook.Tests.FlipkartLoginTest" name="validateUserFieldonLoginPage" time="3.325"/>
  <testcase classname="com.facebook.Tests.FlipkartLoginTest" name="validatePasswordFieldonLoginPage" time="2.226"/>
  <testcase classname="com.facebook.Tests.FlipkartLoginTest" name="validateLoginButtonClickAction" time="2.156"/>
  <testcase classname="com.facebook.Tests.FlipkartLoginTest" name="validateTermsPoliciesLink" time="2.049"/>
  <testcase classname="com.facebook.Tests.FlipkartLoginTest" name="validateCreateAccountLink" time="2.206"/>
  <testcase classname="com.facebook.Tests.FlipkartLoginTest" name="validateForgotLink" time="2.328"/>
</testsuite> <!-- com.facebook.Tests.FlipkartLoginTest -->
