<?xml version="1.0" encoding="UTF-8"?>
<!-- Generated by org.testng.reporters.JUnitReportReporter -->
<testsuite hostname="DESKTOP-CUU290R" failures="0" tests="13" name="com.facebook.Tests.FlipkartHomeTest" time="27.979" errors="0" timestamp="29 Jun 2021 08:17:50 GMT" skipped="0">
  <testcase classname="com.facebook.Tests.FlipkartHomeTest" name="FlipkartOffersTest" time="2.088"/>
  <testcase classname="com.facebook.Tests.FlipkartHomeTest" name="FlipkartMobilesTest" time="2.040"/>
  <testcase classname="com.facebook.Tests.FlipkartHomeTest" name="FlipkartOthersTest" time="2.058"/>
  <testcase classname="com.facebook.Tests.FlipkartHomeTest" name="FlipkartElectronicsTest" time="2.073"/>
  <testcase classname="com.facebook.Tests.FlipkartHomeTest" name="FlipkartFashionTest" time="2.098"/>
  <testcase classname="com.facebook.Tests.FlipkartHomeTest" name="FlipkartAboutUsLinkTest" time="2.906"/>
  <testcase classname="com.facebook.Tests.FlipkartHomeTest" name="FlipkartGroceryTest" time="2.050"/>
  <testcase classname="com.facebook.Tests.FlipkartHomeTest" name="FlipkartAppliancesTest" time="2.035"/>
  <testcase classname="com.facebook.Tests.FlipkartHomeTest" name="FlipkartHomeOptionTest" time="2.069"/>
  <testcase classname="com.facebook.Tests.FlipkartHomeTest" name="FlipkartHomePageLogoTest" time="2.123"/>
  <testcase classname="com.facebook.Tests.FlipkartHomeTest" name="FlipkartTravelTest" time="2.071"/>
  <testcase classname="com.facebook.Tests.FlipkartHomeTest" name="LaptopsNDesktopTest" time="2.303"/>
  <testcase classname="com.facebook.Tests.FlipkartHomeTest" name="FlipkartShoppingCartTest" time="2.065"/>
</testsuite> <!-- com.facebook.Tests.FlipkartHomeTest -->
