<?xml version="1.0" encoding="UTF-8"?>
<!-- Generated by org.testng.reporters.JUnitReportReporter -->
<testsuite hostname="DESKTOP-CUU290R" failures="0" tests="13" name="com.facebook.Tests.FlipkartHomeTest" time="27.027" errors="0" timestamp="24 Jun 2021 01:56:30 GMT" skipped="0">
  <testcase classname="com.facebook.Tests.FlipkartHomeTest" name="LaptopsNDesktopTest" time="2.267"/>
  <testcase classname="com.facebook.Tests.FlipkartHomeTest" name="FlipkartAboutUsLinkTest" time="2.183"/>
  <testcase classname="com.facebook.Tests.FlipkartHomeTest" name="FlipkartMobilesTest" time="2.035"/>
  <testcase classname="com.facebook.Tests.FlipkartHomeTest" name="FlipkartTravelTest" time="2.041"/>
  <testcase classname="com.facebook.Tests.FlipkartHomeTest" name="FlipkartGroceryTest" time="2.045"/>
  <testcase classname="com.facebook.Tests.FlipkartHomeTest" name="FlipkartShoppingCartTest" time="2.052"/>
  <testcase classname="com.facebook.Tests.FlipkartHomeTest" name="FlipkartElectronicsTest" time="2.074"/>
  <testcase classname="com.facebook.Tests.FlipkartHomeTest" name="FlipkartOthersTest" time="2.057"/>
  <testcase classname="com.facebook.Tests.FlipkartHomeTest" name="FlipkartAppliancesTest" time="2.037"/>
  <testcase classname="com.facebook.Tests.FlipkartHomeTest" name="FlipkartFashionTest" time="2.056"/>
  <testcase classname="com.facebook.Tests.FlipkartHomeTest" name="FlipkartOffersTest" time="2.044"/>
  <testcase classname="com.facebook.Tests.FlipkartHomeTest" name="FlipkartHomeOptionTest" time="2.045"/>
  <testcase classname="com.facebook.Tests.FlipkartHomeTest" name="FlipkartHomePageLogoTest" time="2.091"/>
</testsuite> <!-- com.facebook.Tests.FlipkartHomeTest -->
