<?xml version="1.0" encoding="UTF-8"?>
<!-- Generated by org.testng.reporters.JUnitReportReporter -->
<testsuite hostname="DESKTOP-CUU290R" failures="0" tests="13" name="com.facebook.Tests.FlipkartHomeTest" time="28.882" errors="0" timestamp="29 Jun 2021 05:30:56 GMT" skipped="0">
  <testcase classname="com.facebook.Tests.FlipkartHomeTest" name="FlipkartTravelTest" time="2.103"/>
  <testcase classname="com.facebook.Tests.FlipkartHomeTest" name="FlipkartAppliancesTest" time="2.065"/>
  <testcase classname="com.facebook.Tests.FlipkartHomeTest" name="FlipkartOthersTest" time="2.046"/>
  <testcase classname="com.facebook.Tests.FlipkartHomeTest" name="FlipkartElectronicsTest" time="2.058"/>
  <testcase classname="com.facebook.Tests.FlipkartHomeTest" name="FlipkartGroceryTest" time="2.059"/>
  <testcase classname="com.facebook.Tests.FlipkartHomeTest" name="FlipkartHomeOptionTest" time="2.070"/>
  <testcase classname="com.facebook.Tests.FlipkartHomeTest" name="FlipkartFashionTest" time="2.085"/>
  <testcase classname="com.facebook.Tests.FlipkartHomeTest" name="FlipkartOffersTest" time="2.079"/>
  <testcase classname="com.facebook.Tests.FlipkartHomeTest" name="FlipkartMobilesTest" time="2.056"/>
  <testcase classname="com.facebook.Tests.FlipkartHomeTest" name="FlipkartAboutUsLinkTest" time="3.809"/>
  <testcase classname="com.facebook.Tests.FlipkartHomeTest" name="FlipkartShoppingCartTest" time="2.067"/>
  <testcase classname="com.facebook.Tests.FlipkartHomeTest" name="LaptopsNDesktopTest" time="2.284"/>
  <testcase classname="com.facebook.Tests.FlipkartHomeTest" name="FlipkartHomePageLogoTest" time="2.101"/>
</testsuite> <!-- com.facebook.Tests.FlipkartHomeTest -->
