<?xml version="1.0" encoding="UTF-8"?>
<!-- Generated by org.testng.reporters.JUnitReportReporter -->
<testsuite hostname="DESKTOP-CUU290R" failures="0" tests="1" name="com.facebook.FlipkartLoginTest" time="3.816" errors="0" timestamp="19 Jun 2021 03:44:18 GMT" skipped="0">
  <testcase classname="com.facebook.FlipkartLoginTest" name="validateUserFieldonLoginPage" time="3.816"/>
</testsuite> <!-- com.facebook.FlipkartLoginTest -->
