<?xml version="1.0" encoding="UTF-8"?>
<!-- Generated by org.testng.reporters.JUnitReportReporter -->
<testsuite hostname="DESKTOP-CUU290R" failures="0" tests="3" name="com.facebook.Tests.FlipkartElectronicsTest" time="13.998" errors="0" timestamp="24 Jun 2021 01:56:30 GMT" skipped="0">
  <testcase classname="com.facebook.Tests.FlipkartElectronicsTest" name="extractPriceOfFirstLaptopTest" time="0.071"/>
  <testcase classname="com.facebook.Tests.FlipkartElectronicsTest" name="checkNSetPriceBarTest" time="10.523"/>
  <testcase classname="com.facebook.Tests.FlipkartElectronicsTest" name="DesiredProcessorTest" time="3.404"/>
</testsuite> <!-- com.facebook.Tests.FlipkartElectronicsTest -->
