<?xml version="1.0" encoding="UTF-8"?>
<!-- Generated by org.testng.reporters.JUnitReportReporter -->
<testsuite hostname="DESKTOP-CUU290R" failures="0" tests="8" name="com.facebook.Tests.FlipkartLoginTest" time="18.386" errors="0" timestamp="29 Jun 2021 08:17:50 GMT" skipped="0">
  <testcase classname="com.facebook.Tests.FlipkartLoginTest" name="validateLoginButtonClickAction" time="2.191"/>
  <testcase classname="com.facebook.Tests.FlipkartLoginTest" name="validateUserFieldonLoginPage" time="3.280"/>
  <testcase classname="com.facebook.Tests.FlipkartLoginTest" name="validateRequestOTPLink" time="2.042"/>
  <testcase classname="com.facebook.Tests.FlipkartLoginTest" name="validateCreateAccountLink" time="2.249"/>
  <testcase classname="com.facebook.Tests.FlipkartLoginTest" name="validateTermsPoliciesLink" time="2.046"/>
  <testcase classname="com.facebook.Tests.FlipkartLoginTest" name="validateForgotLink" time="2.283"/>
  <testcase classname="com.facebook.Tests.FlipkartLoginTest" name="validateLoginHeader" time="2.065"/>
  <testcase classname="com.facebook.Tests.FlipkartLoginTest" name="validatePasswordFieldonLoginPage" time="2.230"/>
</testsuite> <!-- com.facebook.Tests.FlipkartLoginTest -->
