<?xml version="1.0" encoding="UTF-8"?>
<!-- Generated by org.testng.reporters.JUnitReportReporter -->
<testsuite hostname="DESKTOP-CUU290R" failures="0" tests="3" name="com.facebook.Tests.FlipkartElectronicsTest" time="14.521" errors="0" timestamp="29 Jun 2021 10:59:41 GMT" skipped="0">
  <testcase classname="com.facebook.Tests.FlipkartElectronicsTest" name="DesiredProcessorTest" time="3.404"/>
  <testcase classname="com.facebook.Tests.FlipkartElectronicsTest" name="checkNSetPriceBarTest" time="11.053"/>
  <testcase classname="com.facebook.Tests.FlipkartElectronicsTest" name="extractPriceOfFirstLaptopTest" time="0.064"/>
</testsuite> <!-- com.facebook.Tests.FlipkartElectronicsTest -->
