<?xml version="1.0" encoding="UTF-8"?>
<!-- Generated by org.testng.reporters.JUnitReportReporter -->
<testsuite hostname="DESKTOP-CUU290R" failures="0" tests="8" name="com.facebook.Tests.FlipkartLoginTest" time="18.280" errors="0" timestamp="29 Jun 2021 10:10:56 GMT" skipped="0">
  <testcase classname="com.facebook.Tests.FlipkartLoginTest" name="validateCreateAccountLink" time="2.410"/>
  <testcase classname="com.facebook.Tests.FlipkartLoginTest" name="validateLoginHeader" time="2.061"/>
  <testcase classname="com.facebook.Tests.FlipkartLoginTest" name="validateUserFieldonLoginPage" time="3.082"/>
  <testcase classname="com.facebook.Tests.FlipkartLoginTest" name="validatePasswordFieldonLoginPage" time="2.234"/>
  <testcase classname="com.facebook.Tests.FlipkartLoginTest" name="validateTermsPoliciesLink" time="2.042"/>
  <testcase classname="com.facebook.Tests.FlipkartLoginTest" name="validateForgotLink" time="2.254"/>
  <testcase classname="com.facebook.Tests.FlipkartLoginTest" name="validateLoginButtonClickAction" time="2.131"/>
  <testcase classname="com.facebook.Tests.FlipkartLoginTest" name="validateRequestOTPLink" time="2.066"/>
</testsuite> <!-- com.facebook.Tests.FlipkartLoginTest -->
